d:\github projects\gepardbypass\gepardbypass\debug\gepardbypass.pch
d:\github projects\gepardbypass\gepardbypass\debug\vc143.pdb
d:\github projects\gepardbypass\gepardbypass\debug\vc143.idb
d:\github projects\gepardbypass\gepardbypass\debug\pch.obj
d:\github projects\gepardbypass\gepardbypass\debug\winapi.obj
d:\github projects\gepardbypass\gepardbypass\debug\utils.obj
d:\github projects\gepardbypass\gepardbypass\debug\threading.obj
d:\github projects\gepardbypass\gepardbypass\debug\recvpackethook.obj
d:\github projects\gepardbypass\gepardbypass\debug\processtools.obj
d:\github projects\gepardbypass\gepardbypass\debug\patternscan.obj
d:\github projects\gepardbypass\gepardbypass\debug\ntdll.obj
d:\github projects\gepardbypass\gepardbypass\debug\hook.obj
d:\github projects\gepardbypass\gepardbypass\debug\heavensgate.obj
d:\github projects\gepardbypass\gepardbypass\debug\exceptionhandler.obj
d:\github projects\gepardbypass\gepardbypass\debug\dllmain.obj
d:\github projects\gepardbypass\gepardbypass\debug\bypass.obj
d:\github projects\gepardbypass\gepardbypass\debug\hwbreakpoint.obj
d:\github projects\gepardbypass\gepardbypass\debug\breakpoint.obj
d:\github projects\gepardbypass\gepardbypass\debug\addresses.obj
d:\github projects\gepardbypass\debug\gepardbypass.dll
d:\github projects\gepardbypass\debug\gepardbypass.pdb
d:\github projects\gepardbypass\debug\gepardbypass.lib
d:\github projects\gepardbypass\debug\gepardbypass.exp
d:\github projects\gepardbypass\gepardbypass\debug\gepardbypass.ilk
d:\github projects\gepardbypass\gepardbypass\debug\gepardbypass.tlog\cl.command.1.tlog
d:\github projects\gepardbypass\gepardbypass\debug\gepardbypass.tlog\cl.items.tlog
d:\github projects\gepardbypass\gepardbypass\debug\gepardbypass.tlog\cl.read.1.tlog
d:\github projects\gepardbypass\gepardbypass\debug\gepardbypass.tlog\cl.write.1.tlog
d:\github projects\gepardbypass\gepardbypass\debug\gepardbypass.tlog\link.command.1.tlog
d:\github projects\gepardbypass\gepardbypass\debug\gepardbypass.tlog\link.read.1.tlog
d:\github projects\gepardbypass\gepardbypass\debug\gepardbypass.tlog\link.secondary.1.tlog
d:\github projects\gepardbypass\gepardbypass\debug\gepardbypass.tlog\link.write.1.tlog
