d:\github projects\gepardbypass\release\usern32.pch
d:\github projects\gepardbypass\release\vc142.pdb
d:\github projects\gepardbypass\release\pch.obj
d:\github projects\gepardbypass\release\threading.obj
d:\github projects\gepardbypass\release\recvpackethook.obj
d:\github projects\gepardbypass\release\hook.obj
d:\github projects\gepardbypass\release\addresses.obj
d:\github projects\gepardbypass\release\breakpoint.obj
d:\github projects\gepardbypass\release\utils.obj
d:\github projects\gepardbypass\release\ntdll.obj
d:\github projects\gepardbypass\release\patternscan.obj
d:\github projects\gepardbypass\release\heavensgate.obj
d:\github projects\gepardbypass\release\bypass.obj
d:\github projects\gepardbypass\release\hwbreakpoint.obj
d:\github projects\gepardbypass\release\winapi.obj
d:\github projects\gepardbypass\release\processtools.obj
d:\github projects\gepardbypass\release\exceptionhandler.obj
d:\github projects\gepardbypass\release\dllmain.obj
d:\github projects\gepardbypass\release\usern32.lib
d:\github projects\gepardbypass\release\usern32.exp
d:\github projects\gepardbypass\release\usern32.ipdb
d:\github projects\gepardbypass\release\usern32.iobj
d:\github projects\gepardbypass\release\usern32.dll
d:\github projects\gepardbypass\release\usern32.pdb
d:\github projects\gepardbypass\release\gepardbypass.tlog\cl.command.1.tlog
d:\github projects\gepardbypass\release\gepardbypass.tlog\cl.read.1.tlog
d:\github projects\gepardbypass\release\gepardbypass.tlog\cl.write.1.tlog
d:\github projects\gepardbypass\release\gepardbypass.tlog\gepardbypass.write.1u.tlog
d:\github projects\gepardbypass\release\gepardbypass.tlog\link.command.1.tlog
d:\github projects\gepardbypass\release\gepardbypass.tlog\link.read.1.tlog
d:\github projects\gepardbypass\release\gepardbypass.tlog\link.write.1.tlog
